
2024/08/26 (23:40:12) | ===> btop++ v.1.3.2
2024/08/26 (23:40:12) | ERROR: Couldn't determine terminal size of "STDOUT_FILENO"!
2024/08/26 (23:40:13) | ERROR: Couldn't determine terminal size of "STDOUT_FILENO"!
2024/08/26 (23:40:15) | ERROR: Couldn't determine terminal size of "STDOUT_FILENO"!
2024/08/26 (23:40:16) | ERROR: Couldn't determine terminal size of "STDOUT_FILENO"!
2024/08/26 (23:40:17) | ERROR: Couldn't determine terminal size of "STDOUT_FILENO"!
2024/08/26 (23:40:18) | ERROR: Couldn't determine terminal size of "STDOUT_FILENO"!
2024/08/26 (23:40:19) | ERROR: Couldn't determine terminal size of "STDOUT_FILENO"!
2024/08/26 (23:40:20) | ERROR: Couldn't determine terminal size of "STDOUT_FILENO"!
2024/08/26 (23:40:21) | ERROR: Couldn't determine terminal size of "STDOUT_FILENO"!
2024/08/26 (23:40:22) | ERROR: Couldn't determine terminal size of "STDOUT_FILENO"!
2024/08/26 (23:40:23) | ERROR: Couldn't determine terminal size of "STDOUT_FILENO"!
2024/08/26 (23:40:24) | ERROR: Couldn't determine terminal size of "STDOUT_FILENO"!
2024/08/26 (23:40:25) | ERROR: Couldn't determine terminal size of "STDOUT_FILENO"!
2024/08/26 (23:40:27) | ERROR: Couldn't determine terminal size of "STDOUT_FILENO"!
2024/08/26 (23:40:28) | ERROR: Couldn't determine terminal size of "STDOUT_FILENO"!
2024/08/26 (23:40:29) | ERROR: Couldn't determine terminal size of "STDOUT_FILENO"!
2024/08/26 (23:40:30) | ERROR: Couldn't determine terminal size of "STDOUT_FILENO"!
2024/08/26 (23:40:31) | ERROR: Couldn't determine terminal size of "STDOUT_FILENO"!
2024/08/26 (23:40:32) | ERROR: Couldn't determine terminal size of "STDOUT_FILENO"!

2024/09/03 (15:16:22) | ===> btop++ v.1.3.2
2024/09/03 (15:16:22) | ERROR: Exception during Config::unlock() : unordered_map::at

2024/09/22 (19:54:22) | ===> btop++ v.1.3.2
2024/09/22 (19:54:22) | ERROR: No UTF-8 locale detected!
Use --utf-force argument to force start if you're sure your terminal can handle it.

2024/09/22 (19:54:30) | ===> btop++ v.1.3.2
2024/09/22 (19:54:30) | WARNING: No UTF-8 locale detected! Forcing start with --utf-force argument.

2024/09/25 (19:53:02) | ===> btop++ v.1.4.0
2024/09/25 (19:53:02) | WARNING: Intel GPU: Failed to initialize PMU

2024/09/25 (20:27:35) | ===> btop++ v.1.4.0
2024/09/25 (20:27:35) | WARNING: Intel GPU: Failed to initialize PMU

2024/09/25 (21:30:38) | ===> btop++ v.1.4.0
2024/09/25 (21:30:38) | WARNING: Intel GPU: Failed to initialize PMU
